<?xml version="1.0" encoding="UTF-8"?>
<!-- Generated by org.testng.reporters.JUnitReportReporter -->
<testsuite skipped="0" hostname="DESKTOP-17PQN8B" name="FB.ExecuteUpdatedTest" tests="1" failures="0" timestamp="22 Sep 2022 04:33:53 GMT" time="0.642" errors="0">
  <testcase name="ExecuteUpdatTest" time="0.642" classname="FB.ExecuteUpdatedTest"/>
</testsuite> <!-- FB.ExecuteUpdatedTest -->
