<?xml version="1.0" encoding="UTF-8"?>
<!-- Generated by org.testng.reporters.JUnitReportReporter -->
<testsuite skipped="0" hostname="DESKTOP-17PQN8B" name="FB.FBClass" tests="1" failures="0" timestamp="27 Sep 2022 04:36:11 GMT" time="9.540" errors="0">
  <testcase name="fbMethod" time="9.540" classname="FB.FBClass"/>
</testsuite> <!-- FB.FBClass -->
